<?xml version="1.0" encoding="UTF-8"?>
<testsuite xmlns:xsi="http://www.w3.org/2001/XMLSchema-instance" xsi:noNamespaceSchemaLocation="https://maven.apache.org/surefire/maven-surefire-plugin/xsd/surefire-test-report.xsd" version="3.0.2" name="com.bourse.wealthwise.messaging.CapitalRaiseParserTest" time="0.008" tests="4" errors="0" skipped="0" failures="0">
  <properties>
[...]
</properties>
  <testcase name="rejectsBadNumber" classname="com.bourse.wealthwise.messaging.CapitalRaiseParserTest" time="0.002"/>
  <testcase name="parsesHappyPath" classname="com.bourse.wealthwise.messaging.CapitalRaiseParserTest" time="0.001"/>
  <testcase name="rejectsWrongVerb" classname="com.bourse.wealthwise.messaging.CapitalRaiseParserTest" time="0.002"/>
  <testcase name="rejectsWrongArity" classname="com.bourse.wealthwise.messaging.CapitalRaiseParserTest" time="0.001"/>
</testsuite>