<?xml version="1.0" encoding="UTF-8"?>
<testsuite xmlns:xsi="http://www.w3.org/2001/XMLSchema-instance" xsi:noNamespaceSchemaLocation="https://maven.apache.org/surefire/maven-surefire-plugin/xsd/surefire-test-report.xsd" version="3.0.2" name="com.bourse.wealthwise.domain.services.BalanceActionServiceTest" time="18.051" tests="5" errors="0" skipped="0" failures="0">
  <properties>
[...]
</properties>
  <testcase name="newDepositActionEnters_getNeBalance_increasedBalanceReturned" classname="com.bourse.wealthwise.domain.services.BalanceActionServiceTest" time="4.507">
    <system-out><![CDATA[15:15:59.365 [main] INFO org.springframework.test.context.support.AnnotationConfigContextLoaderUtils -- Could not detect default configuration classes for test class [com.bourse.wealthwise.domain.services.BalanceActionServiceTest]: BalanceActionServiceTest does not declare any static, non-private, non-final, nested classes annotated with @Configuration.
15:16:00.515 [main] INFO org.springframework.boot.test.context.SpringBootTestContextBootstrapper -- Found @SpringBootConfiguration com.bourse.wealthwise.WealthWiseApplication for test class com.bourse.wealthwise.domain.services.BalanceActionServiceTest

  .   ____          _            __ _ _
 /\\ / ___'_ __ _ _(_)_ __  __ _ \ \ \ \
( ( )\___ | '_ | '_| | '_ \/ _` | \ \ \ \
 \\/  ___)| |_)| | | | | || (_| |  ) ) ) )
  '  |____| .__|_| |_|_| |_\__, | / / / /
 =========|_|==============|___/=/_/_/_/

 :: Spring Boot ::                (v3.4.2)

2025-08-24T15:16:03.438+03:30  INFO 38386 --- [WealthWise] [           main] c.b.w.d.s.BalanceActionServiceTest       : Starting BalanceActionServiceTest using Java 21.0.8 with PID 38386 (started by aidin in /mnt/c/aidin/AIDIN/peregrine/term-6/se1/cas/p4/Software-1_Course_Final_Project/WealthWise)
2025-08-24T15:16:03.444+03:30  INFO 38386 --- [WealthWise] [           main] c.b.w.d.s.BalanceActionServiceTest       : No active profile set, falling back to 1 default profile: "default"
2025-08-24T15:16:09.687+03:30  INFO 38386 --- [WealthWise] [           main] o.apache.activemq.artemis.core.server    : AMQ221000: Primary message broker is starting with configuration Broker Configuration (clustered=false,journalDirectory=/tmp/artemis-data/journal,bindingsDirectory=data/bindings,largeMessagesDirectory=data/largemessages,pagingDirectory=data/paging)
2025-08-24T15:16:09.785+03:30  INFO 38386 --- [WealthWise] [           main] o.apache.activemq.artemis.core.server    : AMQ221045: libaio is not available, switching the configuration into NIO
2025-08-24T15:16:09.917+03:30  INFO 38386 --- [WealthWise] [           main] o.apache.activemq.artemis.core.server    : AMQ221057: Global Max Size is being adjusted to 1/2 of the JVM max size (-Xmx). being defined as 1030750208
2025-08-24T15:16:10.089+03:30  INFO 38386 --- [WealthWise] [           main] o.apache.activemq.artemis.core.server    : AMQ221043: Protocol module found: [artemis-server]. Adding protocol support for: CORE
2025-08-24T15:16:10.144+03:30  INFO 38386 --- [WealthWise] [           main] org.apache.activemq.audit.base           : AMQ601138: User anonymous@unknown is getting notification info on target resource: null
2025-08-24T15:16:10.147+03:30  INFO 38386 --- [WealthWise] [           main] org.apache.activemq.audit.base           : AMQ601019: User anonymous@unknown is getting mbean info on target resource: org.apache.activemq.artemis.core.management.impl.ActiveMQServerControlImpl@52ea0269
2025-08-24T15:16:10.147+03:30  INFO 38386 --- [WealthWise] [           main] org.apache.activemq.audit.base           : AMQ601138: User anonymous@unknown is getting notification info on target resource: ActiveMQServerImpl::name=localhost
2025-08-24T15:16:10.177+03:30  INFO 38386 --- [WealthWise] [           main] o.apache.activemq.artemis.core.server    : AMQ224092: Despite disabled persistence, page files will be persisted.
2025-08-24T15:16:10.253+03:30  INFO 38386 --- [WealthWise] [           main] o.apache.activemq.artemis.core.server    : AMQ221080: Deploying address DLQ supporting [ANYCAST]
2025-08-24T15:16:10.264+03:30  INFO 38386 --- [WealthWise] [           main] org.apache.activemq.audit.base           : AMQ601019: User anonymous@unknown is getting mbean info on target resource: org.apache.activemq.artemis.core.management.impl.AddressControlImpl@29a33620
2025-08-24T15:16:10.281+03:30  INFO 38386 --- [WealthWise] [           main] o.apache.activemq.artemis.core.server    : AMQ221003: Deploying ANYCAST queue DLQ on address DLQ
2025-08-24T15:16:11.011+03:30  INFO 38386 --- [WealthWise] [           main] org.apache.activemq.audit.base           : AMQ601019: User anonymous@unknown is getting mbean info on target resource: org.apache.activemq.artemis.core.management.impl.QueueControlImpl@1cbc5693
2025-08-24T15:16:11.013+03:30  INFO 38386 --- [WealthWise] [           main] o.apache.activemq.artemis.core.server    : AMQ221080: Deploying address ExpiryQueue supporting [ANYCAST]
2025-08-24T15:16:11.013+03:30  INFO 38386 --- [WealthWise] [           main] org.apache.activemq.audit.base           : AMQ601019: User anonymous@unknown is getting mbean info on target resource: org.apache.activemq.artemis.core.management.impl.AddressControlImpl@3d2f3dcb
2025-08-24T15:16:11.013+03:30  INFO 38386 --- [WealthWise] [           main] o.apache.activemq.artemis.core.server    : AMQ221003: Deploying ANYCAST queue ExpiryQueue on address ExpiryQueue
2025-08-24T15:16:11.014+03:30  INFO 38386 --- [WealthWise] [           main] org.apache.activemq.audit.base           : AMQ601019: User anonymous@unknown is getting mbean info on target resource: org.apache.activemq.artemis.core.management.impl.QueueControlImpl@59845579
2025-08-24T15:16:11.015+03:30  INFO 38386 --- [WealthWise] [           main] org.apache.activemq.audit.base           : AMQ601019: User anonymous@unknown is getting mbean info on target resource: org.apache.activemq.artemis.core.management.impl.AddressControlImpl@bd3eff4
2025-08-24T15:16:11.383+03:30  INFO 38386 --- [WealthWise] [           main] org.apache.activemq.audit.base           : AMQ601019: User anonymous@unknown is getting mbean info on target resource: org.apache.activemq.artemis.core.management.impl.AcceptorControlImpl@4b88ca8e
2025-08-24T15:16:11.426+03:30  INFO 38386 --- [WealthWise] [           main] o.apache.activemq.artemis.core.server    : AMQ221007: Server is now active
2025-08-24T15:16:11.426+03:30  INFO 38386 --- [WealthWise] [           main] o.apache.activemq.artemis.core.server    : AMQ221001: Apache ActiveMQ Artemis Message Broker version 2.37.0 [localhost, nodeID=ed59e82c-80df-11f0-96f6-220af54b996e] 
2025-08-24T15:16:11.889+03:30  INFO 38386 --- [WealthWise] [           main] c.b.w.d.s.BalanceActionServiceTest       : Started BalanceActionServiceTest in 10.458 seconds (process running for 16.375)
]]></system-out>
    <system-err><![CDATA[Mockito is currently self-attaching to enable the inline-mock-maker. This will no longer work in future releases of the JDK. Please add Mockito as an agent to your build what is described in Mockito's documentation: https://javadoc.io/doc/org.mockito/mockito-core/latest/org/mockito/Mockito.html#0.3
WARNING: A Java agent has been loaded dynamically (/home/aidin/.m2/repository/net/bytebuddy/byte-buddy-agent/1.15.11/byte-buddy-agent-1.15.11.jar)
WARNING: If a serviceability tool is in use, please run with -XX:+EnableDynamicAgentLoading to hide this warning
WARNING: If a serviceability tool is not in use, please run with -Djdk.instrument.traceUsage for more information
WARNING: Dynamic loading of agents will be disallowed by default in a future release
]]></system-err>
  </testcase>
  <testcase name="newBuyActionEnters_getNewBalance_DecreasedBalanceReturned" classname="com.bourse.wealthwise.domain.services.BalanceActionServiceTest" time="0.055"/>
  <testcase name="newSaleActionEnters_getNewBalance_increasedBalanceReturned" classname="com.bourse.wealthwise.domain.services.BalanceActionServiceTest" time="0.037"/>
  <testcase name="noActionsForPortfolio_getBalance_zeroBalanceReturned" classname="com.bourse.wealthwise.domain.services.BalanceActionServiceTest" time="0.002"/>
  <testcase name="newWithdrawalActionEnters_getNewBalance_decreasedBalanceReturned" classname="com.bourse.wealthwise.domain.services.BalanceActionServiceTest" time="0.059"/>
</testsuite>