<?xml version="1.0" encoding="UTF-8"?>
<testsuite xmlns:xsi="http://www.w3.org/2001/XMLSchema-instance" xsi:noNamespaceSchemaLocation="https://maven.apache.org/surefire/maven-surefire-plugin/xsd/surefire-test-report.xsd" version="3.0.2" name="com.bourse.wealthwise.messaging.CapitalRaiseJmsAdapterTest" time="3.649" tests="1" errors="0" skipped="0" failures="0">
  <properties>
[...]
</properties>
  <testcase name="end_to_end_over_jms" classname="com.bourse.wealthwise.messaging.CapitalRaiseJmsAdapterTest" time="0.626">
    <system-out><![CDATA[2025-08-24T15:16:17.440+03:30  INFO 38386 --- [WealthWise] [           main] t.c.s.AnnotationConfigContextLoaderUtils : Could not detect default configuration classes for test class [com.bourse.wealthwise.messaging.CapitalRaiseJmsAdapterTest]: CapitalRaiseJmsAdapterTest does not declare any static, non-private, non-final, nested classes annotated with @Configuration.
2025-08-24T15:16:17.448+03:30  INFO 38386 --- [WealthWise] [           main] .b.t.c.SpringBootTestContextBootstrapper : Found @SpringBootConfiguration com.bourse.wealthwise.WealthWiseApplication for test class com.bourse.wealthwise.messaging.CapitalRaiseJmsAdapterTest

  .   ____          _            __ _ _
 /\\ / ___'_ __ _ _(_)_ __  __ _ \ \ \ \
( ( )\___ | '_ | '_| | '_ \/ _` | \ \ \ \
 \\/  ___)| |_)| | | | | || (_| |  ) ) ) )
  '  |____| .__|_| |_|_| |_\__, | / / / /
 =========|_|==============|___/=/_/_/_/

 :: Spring Boot ::                (v3.4.2)

2025-08-24T15:16:17.588+03:30  INFO 38386 --- [WealthWise] [           main] c.b.w.m.CapitalRaiseJmsAdapterTest       : Starting CapitalRaiseJmsAdapterTest using Java 21.0.8 with PID 38386 (started by aidin in /mnt/c/aidin/AIDIN/peregrine/term-6/se1/cas/p4/Software-1_Course_Final_Project/WealthWise)
2025-08-24T15:16:17.588+03:30  INFO 38386 --- [WealthWise] [           main] c.b.w.m.CapitalRaiseJmsAdapterTest       : No active profile set, falling back to 1 default profile: "default"
2025-08-24T15:16:19.179+03:30  INFO 38386 --- [WealthWise] [           main] o.apache.activemq.artemis.core.server    : AMQ221000: Primary message broker is starting with configuration Broker Configuration (clustered=false,journalDirectory=/tmp/artemis-data/journal,bindingsDirectory=data/bindings,largeMessagesDirectory=data/largemessages,pagingDirectory=data/paging)
2025-08-24T15:16:19.179+03:30  INFO 38386 --- [WealthWise] [           main] o.apache.activemq.artemis.core.server    : AMQ221045: libaio is not available, switching the configuration into NIO
2025-08-24T15:16:19.179+03:30  INFO 38386 --- [WealthWise] [           main] o.apache.activemq.artemis.core.server    : AMQ221057: Global Max Size is being adjusted to 1/2 of the JVM max size (-Xmx). being defined as 1030750208
2025-08-24T15:16:19.180+03:30  INFO 38386 --- [WealthWise] [           main] o.apache.activemq.artemis.core.server    : AMQ221043: Protocol module found: [artemis-server]. Adding protocol support for: CORE
2025-08-24T15:16:19.183+03:30  INFO 38386 --- [WealthWise] [           main] org.apache.activemq.audit.base           : AMQ601138: User anonymous@unknown is getting notification info on target resource: null
2025-08-24T15:16:19.184+03:30  INFO 38386 --- [WealthWise] [           main] org.apache.activemq.audit.base           : AMQ601019: User anonymous@unknown is getting mbean info on target resource: org.apache.activemq.artemis.core.management.impl.ActiveMQServerControlImpl@11c3ce6a
2025-08-24T15:16:19.184+03:30  INFO 38386 --- [WealthWise] [           main] org.apache.activemq.audit.base           : AMQ601138: User anonymous@unknown is getting notification info on target resource: ActiveMQServerImpl::name=localhost
2025-08-24T15:16:19.185+03:30  INFO 38386 --- [WealthWise] [           main] o.apache.activemq.artemis.core.server    : AMQ224092: Despite disabled persistence, page files will be persisted.
2025-08-24T15:16:19.188+03:30  INFO 38386 --- [WealthWise] [           main] o.apache.activemq.artemis.core.server    : AMQ221080: Deploying address DLQ supporting [ANYCAST]
2025-08-24T15:16:19.189+03:30  INFO 38386 --- [WealthWise] [           main] org.apache.activemq.audit.base           : AMQ601019: User anonymous@unknown is getting mbean info on target resource: org.apache.activemq.artemis.core.management.impl.AddressControlImpl@7b332b23
2025-08-24T15:16:19.189+03:30  INFO 38386 --- [WealthWise] [           main] o.apache.activemq.artemis.core.server    : AMQ221003: Deploying ANYCAST queue DLQ on address DLQ
2025-08-24T15:16:19.190+03:30  INFO 38386 --- [WealthWise] [           main] org.apache.activemq.audit.base           : AMQ601019: User anonymous@unknown is getting mbean info on target resource: org.apache.activemq.artemis.core.management.impl.QueueControlImpl@66a472b9
2025-08-24T15:16:19.191+03:30  INFO 38386 --- [WealthWise] [           main] o.apache.activemq.artemis.core.server    : AMQ221080: Deploying address ExpiryQueue supporting [ANYCAST]
2025-08-24T15:16:19.191+03:30  INFO 38386 --- [WealthWise] [           main] org.apache.activemq.audit.base           : AMQ601019: User anonymous@unknown is getting mbean info on target resource: org.apache.activemq.artemis.core.management.impl.AddressControlImpl@428eb3d5
2025-08-24T15:16:19.191+03:30  INFO 38386 --- [WealthWise] [           main] o.apache.activemq.artemis.core.server    : AMQ221003: Deploying ANYCAST queue ExpiryQueue on address ExpiryQueue
2025-08-24T15:16:19.192+03:30  INFO 38386 --- [WealthWise] [           main] org.apache.activemq.audit.base           : AMQ601019: User anonymous@unknown is getting mbean info on target resource: org.apache.activemq.artemis.core.management.impl.QueueControlImpl@5ddd84d2
2025-08-24T15:16:19.192+03:30  INFO 38386 --- [WealthWise] [           main] org.apache.activemq.audit.base           : AMQ601019: User anonymous@unknown is getting mbean info on target resource: org.apache.activemq.artemis.core.management.impl.AddressControlImpl@3fd5d679
2025-08-24T15:16:19.193+03:30  INFO 38386 --- [WealthWise] [           main] org.apache.activemq.audit.base           : AMQ601019: User anonymous@unknown is getting mbean info on target resource: org.apache.activemq.artemis.core.management.impl.AcceptorControlImpl@6dbbdf92
2025-08-24T15:16:19.195+03:30  INFO 38386 --- [WealthWise] [           main] o.apache.activemq.artemis.core.server    : AMQ221007: Server is now active
2025-08-24T15:16:19.196+03:30  INFO 38386 --- [WealthWise] [           main] o.apache.activemq.artemis.core.server    : AMQ221001: Apache ActiveMQ Artemis Message Broker version 2.37.0 [localhost, nodeID=f305a0d2-80df-11f0-96f6-220af54b996e] 
2025-08-24T15:16:19.613+03:30  INFO 38386 --- [WealthWise] [           main] org.apache.activemq.audit.resource       : AMQ601767: CORE connection f33192d7-80df-11f0-96f6-220af54b996e for user unknown@invm:1 created
2025-08-24T15:16:20.229+03:30  INFO 38386 --- [WealthWise] [name=localhost)] org.apache.activemq.audit.base           : AMQ601267: User anonymous@invm:1 is creating a core session on target resource ActiveMQServerImpl::name=localhost with parameters: [f3a451da-80df-11f0-96f6-220af54b996e, null, ****, 102400, RemotingConnectionImpl [ID=f33192d7-80df-11f0-96f6-220af54b996e, clientID=null, nodeID=f305a0d2-80df-11f0-96f6-220af54b996e, transportConnection=InVMConnection [serverID=1, id=f33192d7-80df-11f0-96f6-220af54b996e]], false, false, false, false, null, org.apache.activemq.artemis.core.protocol.core.impl.CoreSessionCallback@695adf8a, true, {}]
2025-08-24T15:16:20.421+03:30  INFO 38386 --- [WealthWise] [           main] org.apache.activemq.audit.resource       : AMQ601767: CORE connection f3c34b8b-80df-11f0-96f6-220af54b996e for user unknown@invm:1 created
2025-08-24T15:16:20.422+03:30  INFO 38386 --- [WealthWise] [name=localhost)] org.apache.activemq.audit.base           : AMQ601267: User anonymous@invm:1 is creating a core session on target resource ActiveMQServerImpl::name=localhost with parameters: [f3c34b8c-80df-11f0-96f6-220af54b996e, null, ****, 102400, RemotingConnectionImpl [ID=f33192d7-80df-11f0-96f6-220af54b996e, clientID=null, nodeID=f305a0d2-80df-11f0-96f6-220af54b996e, transportConnection=InVMConnection [serverID=1, id=f33192d7-80df-11f0-96f6-220af54b996e]], false, false, false, false, null, org.apache.activemq.artemis.core.protocol.core.impl.CoreSessionCallback@3f6babd9, true, {}]
2025-08-24T15:16:20.437+03:30  INFO 38386 --- [WealthWise] [name=localhost)] org.apache.activemq.audit.base           : AMQ601267: User anonymous@invm:1 is creating a core session on target resource ActiveMQServerImpl::name=localhost with parameters: [f3c5957f-80df-11f0-96f6-220af54b996e, null, ****, 102400, RemotingConnectionImpl [ID=f3c34b8b-80df-11f0-96f6-220af54b996e, clientID=null, nodeID=f305a0d2-80df-11f0-96f6-220af54b996e, transportConnection=InVMConnection [serverID=1, id=f3c34b8b-80df-11f0-96f6-220af54b996e]], false, false, false, false, null, org.apache.activemq.artemis.core.protocol.core.impl.CoreSessionCallback@46c89168, true, {}]
2025-08-24T15:16:20.441+03:30  INFO 38386 --- [WealthWise] [name=localhost)] org.apache.activemq.audit.base           : AMQ601267: User anonymous@invm:1 is creating a core session on target resource ActiveMQServerImpl::name=localhost with parameters: [f3c631c0-80df-11f0-96f6-220af54b996e, null, ****, 102400, RemotingConnectionImpl [ID=f3c34b8b-80df-11f0-96f6-220af54b996e, clientID=null, nodeID=f305a0d2-80df-11f0-96f6-220af54b996e, transportConnection=InVMConnection [serverID=1, id=f3c34b8b-80df-11f0-96f6-220af54b996e]], false, false, false, false, null, org.apache.activemq.artemis.core.protocol.core.impl.CoreSessionCallback@ee629, true, {}]
2025-08-24T15:16:20.442+03:30  INFO 38386 --- [WealthWise] [           main] c.b.w.m.CapitalRaiseJmsAdapterTest       : Started CapitalRaiseJmsAdapterTest in 2.97 seconds (process running for 24.928)
2025-08-24T15:16:20.468+03:30  INFO 38386 --- [WealthWise] [           main] org.apache.activemq.audit.resource       : AMQ601767: CORE connection f3ca7781-80df-11f0-96f6-220af54b996e for user unknown@invm:1 created
2025-08-24T15:16:20.473+03:30  INFO 38386 --- [WealthWise] [name=localhost)] org.apache.activemq.audit.base           : AMQ601267: User anonymous@invm:1 is creating a core session on target resource ActiveMQServerImpl::name=localhost with parameters: [f3cb3ad4-80df-11f0-96f6-220af54b996e, null, ****, 102400, RemotingConnectionImpl [ID=f3ca7781-80df-11f0-96f6-220af54b996e, clientID=null, nodeID=f305a0d2-80df-11f0-96f6-220af54b996e, transportConnection=InVMConnection [serverID=1, id=f3ca7781-80df-11f0-96f6-220af54b996e]], false, false, false, false, null, org.apache.activemq.artemis.core.protocol.core.impl.CoreSessionCallback@5ef4f81, true, {}]
2025-08-24T15:16:20.490+03:30  INFO 38386 --- [WealthWise] [name=localhost)] org.apache.activemq.audit.base           : AMQ601267: User anonymous@invm:1 is creating a core session on target resource ActiveMQServerImpl::name=localhost with parameters: [f3cdabd5-80df-11f0-96f6-220af54b996e, null, ****, 102400, RemotingConnectionImpl [ID=f3ca7781-80df-11f0-96f6-220af54b996e, clientID=null, nodeID=f305a0d2-80df-11f0-96f6-220af54b996e, transportConnection=InVMConnection [serverID=1, id=f3ca7781-80df-11f0-96f6-220af54b996e]], true, true, false, false, null, org.apache.activemq.artemis.core.protocol.core.impl.CoreSessionCallback@5d3788d0, true, {}]
2025-08-24T15:16:20.621+03:30  INFO 38386 --- [WealthWise] [name=localhost)] org.apache.activemq.audit.base           : AMQ601262: User anonymous@invm:1 is creating address on target resource: f3cdabd5-80df-11f0-96f6-220af54b996e with parameters: [capital.raise.announcements, [ANYCAST], true]
2025-08-24T15:16:20.647+03:30  INFO 38386 --- [WealthWise] [name=localhost)] org.apache.activemq.audit.resource       : AMQ601065: User anonymous@invm:1 is creating a queue on target resource: ServerSessionImpl() with parameters: [QueueConfiguration [id=null, name=capital-raise, address=capital-raise, routingType=ANYCAST, filterString=null, durable=true, user=null, maxConsumers=-1, exclusive=null, groupRebalance=null, groupRebalancePauseDispatch=null, groupBuckets=null, groupFirstKey=null, lastValue=null, lastValueKey=null, nonDestructive=null, purgeOnNoConsumers=false, enabled=null, consumersBeforeDispatch=null, delayBeforeDispatch=null, consumerPriority=null, autoDelete=null, autoDeleteDelay=null, autoDeleteMessageCount=null, ringSize=null, configurationManaged=null, temporary=false, autoCreateAddress=null, internal=null, transient=null, autoCreated=true, fqqn=null]]
2025-08-24T15:16:20.647+03:30  INFO 38386 --- [WealthWise] [name=localhost)] org.apache.activemq.audit.resource       : AMQ601065: User anonymous@invm:1 is creating a queue on target resource: ServerSessionImpl() with parameters: [QueueConfiguration [id=null, name=capital.raise.announcements, address=capital.raise.announcements, routingType=ANYCAST, filterString=null, durable=true, user=null, maxConsumers=-1, exclusive=null, groupRebalance=null, groupRebalancePauseDispatch=null, groupBuckets=null, groupFirstKey=null, lastValue=null, lastValueKey=null, nonDestructive=null, purgeOnNoConsumers=false, enabled=null, consumersBeforeDispatch=null, delayBeforeDispatch=null, consumerPriority=null, autoDelete=null, autoDeleteDelay=null, autoDeleteMessageCount=null, ringSize=null, configurationManaged=null, temporary=false, autoCreateAddress=null, internal=null, transient=null, autoCreated=true, fqqn=null]]
2025-08-24T15:16:20.676+03:30  INFO 38386 --- [WealthWise] [name=localhost)] org.apache.activemq.audit.base           : AMQ601019: User anonymous@invm:1 is getting mbean info on target resource: org.apache.activemq.artemis.core.management.impl.AddressControlImpl@6402fbdb
2025-08-24T15:16:20.678+03:30  INFO 38386 --- [WealthWise] [name=localhost)] org.apache.activemq.audit.base           : AMQ601019: User anonymous@invm:1 is getting mbean info on target resource: org.apache.activemq.artemis.core.management.impl.QueueControlImpl@1b6c09df
2025-08-24T15:16:20.679+03:30  INFO 38386 --- [WealthWise] [name=localhost)] org.apache.activemq.audit.base           : AMQ601019: User anonymous@invm:1 is getting mbean info on target resource: org.apache.activemq.artemis.core.management.impl.AddressControlImpl@42af7c24
2025-08-24T15:16:20.680+03:30  INFO 38386 --- [WealthWise] [name=localhost)] org.apache.activemq.audit.base           : AMQ601019: User anonymous@invm:1 is getting mbean info on target resource: org.apache.activemq.artemis.core.management.impl.QueueControlImpl@67526204
2025-08-24T15:16:20.689+03:30  INFO 38386 --- [WealthWise] [name=localhost)] org.apache.activemq.audit.base           : AMQ601265: User anonymous@invm:1 is creating a core consumer on target resource ServerSessionImpl() with parameters: [0, capital.raise.announcements, null, 0, false, true, null]
2025-08-24T15:16:20.689+03:30  INFO 38386 --- [WealthWise] [name=localhost)] org.apache.activemq.audit.base           : AMQ601265: User anonymous@invm:1 is creating a core consumer on target resource ServerSessionImpl() with parameters: [0, capital-raise, null, 0, false, true, null]
2025-08-24T15:16:20.789+03:30  INFO 38386 --- [WealthWise] [name=localhost)] org.apache.activemq.audit.message        : AMQ601501: User anonymous@invm:1 is consuming a message from capital.raise.announcements: Reference[31]:RELIABLE:CoreMessage[messageID=31, durable=true, userID=f3f33539-80df-11f0-96f6-220af54b996e, priority=4, timestamp=Sun Aug 24 15:16:20 IRST 2025, expiration=0, durable=true, address=capital.raise.announcements, size=300, properties=TypedProperties[__AMQ_CID=f3cb3ad3-80df-11f0-96f6-220af54b996e, _AMQ_ROUTING_TYPE=1]]@637030237
2025-08-24T15:16:20.789+03:30  INFO 38386 --- [WealthWise] [name=localhost)] org.apache.activemq.audit.message        : AMQ601500: User anonymous@invm:1 sent a message CoreMessage[messageID=31, durable=true, userID=f3f33539-80df-11f0-96f6-220af54b996e, priority=4, timestamp=Sun Aug 24 15:16:20 IRST 2025, expiration=0, durable=true, address=capital.raise.announcements, size=300, properties=TypedProperties[__AMQ_CID=f3cb3ad3-80df-11f0-96f6-220af54b996e, _AMQ_ROUTING_TYPE=1]]@637030237, context: RoutingContextImpl(Address=capital.raise.announcements, routingType=ANYCAST, PreviousAddress=capital.raise.announcements previousRoute:ANYCAST, reusable=true, version=-2147483643)
..................................................
***** durable queues capital.raise.announcements:
- queueID=20 address:capital.raise.announcements name:capital.raise.announcements filter:null
***** non durable for capital.raise.announcements:
..................................................
, transaction: null
2025-08-24T15:16:20.861+03:30  INFO 38386 --- [WealthWise] [name=localhost)] org.apache.activemq.audit.message        : AMQ601759: User anonymous@invm:1 added acknowledgement of a message from capital.raise.announcements: CoreMessage[messageID=31, durable=true, userID=f3f33539-80df-11f0-96f6-220af54b996e, priority=4, timestamp=Sun Aug 24 15:16:20 IRST 2025, expiration=0, durable=true, address=capital.raise.announcements, size=300, properties=TypedProperties[__AMQ_CID=f3cb3ad3-80df-11f0-96f6-220af54b996e, _AMQ_ROUTING_TYPE=1]]@637030237 to transaction: TransactionImpl [xid=null, txID=13, xid=null, state=ACTIVE, createTime=1756035980441(Sun Aug 24 15:16:20 IRST 2025), timeoutSeconds=300, nr operations = 1]@32c16609
2025-08-24T15:16:20.869+03:30  INFO 38386 --- [WealthWise] [name=localhost)] org.apache.activemq.audit.message        : AMQ601502: User anonymous@invm:1 acknowledged message from capital.raise.announcements: CoreMessage[messageID=31, durable=true, userID=f3f33539-80df-11f0-96f6-220af54b996e, priority=4, timestamp=Sun Aug 24 15:16:20 IRST 2025, expiration=0, durable=true, address=capital.raise.announcements, size=300, properties=TypedProperties[__AMQ_CID=f3cb3ad3-80df-11f0-96f6-220af54b996e, _AMQ_ROUTING_TYPE=1]]@637030237, transaction: TransactionImpl [xid=null, txID=13, xid=null, state=COMMITTED, createTime=1756035980441(Sun Aug 24 15:16:20 IRST 2025), timeoutSeconds=300, nr operations = 0]@32c16609
]]></system-out>
  </testcase>
</testsuite>