<?xml version="1.0" encoding="UTF-8"?>
<testsuite xmlns:xsi="http://www.w3.org/2001/XMLSchema-instance" xsi:noNamespaceSchemaLocation="https://maven.apache.org/surefire/maven-surefire-plugin/xsd/surefire-test-report.xsd" version="3.0.2" name="com.bourse.wealthwise.messaging.CapitalRaiseJmsAdapterTest" time="13.049" tests="1" errors="0" skipped="0" failures="0">
  <properties>
[...]
</properties>
  <testcase name="end_to_end_over_jms" classname="com.bourse.wealthwise.messaging.CapitalRaiseJmsAdapterTest" time="3.004">
    <system-out><![CDATA[23:30:27.061 [main] INFO org.springframework.test.context.support.AnnotationConfigContextLoaderUtils -- Could not detect default configuration classes for test class [com.bourse.wealthwise.messaging.CapitalRaiseJmsAdapterTest]: CapitalRaiseJmsAdapterTest does not declare any static, non-private, non-final, nested classes annotated with @Configuration.
23:30:27.836 [main] INFO org.springframework.boot.test.context.SpringBootTestContextBootstrapper -- Found @SpringBootConfiguration com.bourse.wealthwise.WealthWiseApplication for test class com.bourse.wealthwise.messaging.CapitalRaiseJmsAdapterTest

  .   ____          _            __ _ _
 /\\ / ___'_ __ _ _(_)_ __  __ _ \ \ \ \
( ( )\___ | '_ | '_| | '_ \/ _` | \ \ \ \
 \\/  ___)| |_)| | | | | || (_| |  ) ) ) )
  '  |____| .__|_| |_|_| |_\__, | / / / /
 =========|_|==============|___/=/_/_/_/

 :: Spring Boot ::                (v3.4.2)

2025-08-25T23:30:29.717+03:30  INFO 23264 --- [WealthWise] [           main] c.b.w.m.CapitalRaiseJmsAdapterTest       : Starting CapitalRaiseJmsAdapterTest using Java 21.0.8 with PID 23264 (started by root in /mnt/e/UT_Computer_Engineering/GitHub/Software-1_Course_Final_Project/WealthWise)
2025-08-25T23:30:29.722+03:30  INFO 23264 --- [WealthWise] [           main] c.b.w.m.CapitalRaiseJmsAdapterTest       : No active profile set, falling back to 1 default profile: "default"
2025-08-25T23:30:33.898+03:30  INFO 23264 --- [WealthWise] [           main] o.apache.activemq.artemis.core.server    : AMQ221000: Primary message broker is starting with configuration Broker Configuration (clustered=false,journalDirectory=/tmp/artemis-data/journal,bindingsDirectory=data/bindings,largeMessagesDirectory=data/largemessages,pagingDirectory=data/paging)
2025-08-25T23:30:33.937+03:30  INFO 23264 --- [WealthWise] [           main] o.apache.activemq.artemis.core.server    : AMQ221045: libaio is not available, switching the configuration into NIO
2025-08-25T23:30:34.008+03:30  INFO 23264 --- [WealthWise] [           main] o.apache.activemq.artemis.core.server    : AMQ221057: Global Max Size is being adjusted to 1/2 of the JVM max size (-Xmx). being defined as 1035993088
2025-08-25T23:30:34.146+03:30  INFO 23264 --- [WealthWise] [           main] o.apache.activemq.artemis.core.server    : AMQ221043: Protocol module found: [artemis-server]. Adding protocol support for: CORE
2025-08-25T23:30:34.223+03:30  INFO 23264 --- [WealthWise] [           main] org.apache.activemq.audit.base           : AMQ601138: User anonymous@unknown is getting notification info on target resource: null
2025-08-25T23:30:34.226+03:30  INFO 23264 --- [WealthWise] [           main] org.apache.activemq.audit.base           : AMQ601019: User anonymous@unknown is getting mbean info on target resource: org.apache.activemq.artemis.core.management.impl.ActiveMQServerControlImpl@51b77cdf
2025-08-25T23:30:34.226+03:30  INFO 23264 --- [WealthWise] [           main] org.apache.activemq.audit.base           : AMQ601138: User anonymous@unknown is getting notification info on target resource: ActiveMQServerImpl::name=localhost
2025-08-25T23:30:34.256+03:30  INFO 23264 --- [WealthWise] [           main] o.apache.activemq.artemis.core.server    : AMQ224092: Despite disabled persistence, page files will be persisted.
2025-08-25T23:30:34.309+03:30  INFO 23264 --- [WealthWise] [           main] o.apache.activemq.artemis.core.server    : AMQ221080: Deploying address DLQ supporting [ANYCAST]
2025-08-25T23:30:34.317+03:30  INFO 23264 --- [WealthWise] [           main] org.apache.activemq.audit.base           : AMQ601019: User anonymous@unknown is getting mbean info on target resource: org.apache.activemq.artemis.core.management.impl.AddressControlImpl@4887de2b
2025-08-25T23:30:34.329+03:30  INFO 23264 --- [WealthWise] [           main] o.apache.activemq.artemis.core.server    : AMQ221003: Deploying ANYCAST queue DLQ on address DLQ
2025-08-25T23:30:34.846+03:30  INFO 23264 --- [WealthWise] [           main] org.apache.activemq.audit.base           : AMQ601019: User anonymous@unknown is getting mbean info on target resource: org.apache.activemq.artemis.core.management.impl.QueueControlImpl@664632e9
2025-08-25T23:30:34.849+03:30  INFO 23264 --- [WealthWise] [           main] o.apache.activemq.artemis.core.server    : AMQ221080: Deploying address ExpiryQueue supporting [ANYCAST]
2025-08-25T23:30:34.850+03:30  INFO 23264 --- [WealthWise] [           main] org.apache.activemq.audit.base           : AMQ601019: User anonymous@unknown is getting mbean info on target resource: org.apache.activemq.artemis.core.management.impl.AddressControlImpl@494c8f29
2025-08-25T23:30:34.851+03:30  INFO 23264 --- [WealthWise] [           main] o.apache.activemq.artemis.core.server    : AMQ221003: Deploying ANYCAST queue ExpiryQueue on address ExpiryQueue
2025-08-25T23:30:34.852+03:30  INFO 23264 --- [WealthWise] [           main] org.apache.activemq.audit.base           : AMQ601019: User anonymous@unknown is getting mbean info on target resource: org.apache.activemq.artemis.core.management.impl.QueueControlImpl@4f379769
2025-08-25T23:30:34.855+03:30  INFO 23264 --- [WealthWise] [           main] org.apache.activemq.audit.base           : AMQ601019: User anonymous@unknown is getting mbean info on target resource: org.apache.activemq.artemis.core.management.impl.AddressControlImpl@73041b7d
2025-08-25T23:30:35.054+03:30  INFO 23264 --- [WealthWise] [           main] org.apache.activemq.audit.base           : AMQ601019: User anonymous@unknown is getting mbean info on target resource: org.apache.activemq.artemis.core.management.impl.AcceptorControlImpl@67e0ff3a
2025-08-25T23:30:35.079+03:30  INFO 23264 --- [WealthWise] [           main] o.apache.activemq.artemis.core.server    : AMQ221007: Server is now active
2025-08-25T23:30:35.080+03:30  INFO 23264 --- [WealthWise] [           main] o.apache.activemq.artemis.core.server    : AMQ221001: Apache ActiveMQ Artemis Message Broker version 2.37.0 [localhost, nodeID=290469e4-81ee-11f0-a1a0-00155dea0b44] 
2025-08-25T23:30:35.860+03:30  INFO 23264 --- [WealthWise] [           main] org.apache.activemq.audit.resource       : AMQ601767: CORE connection 2a280259-81ee-11f0-a1a0-00155dea0b44 for user unknown@invm:0 created
2025-08-25T23:30:36.209+03:30  INFO 23264 --- [WealthWise] [name=localhost)] org.apache.activemq.audit.base           : AMQ601267: User anonymous@invm:0 is creating a core session on target resource ActiveMQServerImpl::name=localhost with parameters: [2a65597c-81ee-11f0-a1a0-00155dea0b44, null, ****, 102400, RemotingConnectionImpl [ID=2a280259-81ee-11f0-a1a0-00155dea0b44, clientID=null, nodeID=290469e4-81ee-11f0-a1a0-00155dea0b44, transportConnection=InVMConnection [serverID=0, id=2a280259-81ee-11f0-a1a0-00155dea0b44]], false, false, false, false, null, org.apache.activemq.artemis.core.protocol.core.impl.CoreSessionCallback@6102b8b2, true, {}]
2025-08-25T23:30:36.373+03:30  INFO 23264 --- [WealthWise] [           main] org.apache.activemq.audit.resource       : AMQ601767: CORE connection 2a80347d-81ee-11f0-a1a0-00155dea0b44 for user unknown@invm:0 created
2025-08-25T23:30:36.374+03:30  INFO 23264 --- [WealthWise] [name=localhost)] org.apache.activemq.audit.base           : AMQ601267: User anonymous@invm:0 is creating a core session on target resource ActiveMQServerImpl::name=localhost with parameters: [2a80347e-81ee-11f0-a1a0-00155dea0b44, null, ****, 102400, RemotingConnectionImpl [ID=2a280259-81ee-11f0-a1a0-00155dea0b44, clientID=null, nodeID=290469e4-81ee-11f0-a1a0-00155dea0b44, transportConnection=InVMConnection [serverID=0, id=2a280259-81ee-11f0-a1a0-00155dea0b44]], false, false, false, false, null, org.apache.activemq.artemis.core.protocol.core.impl.CoreSessionCallback@1a206b47, true, {}]
2025-08-25T23:30:36.375+03:30  INFO 23264 --- [WealthWise] [name=localhost)] org.apache.activemq.audit.base           : AMQ601267: User anonymous@invm:0 is creating a core session on target resource ActiveMQServerImpl::name=localhost with parameters: [2a805b91-81ee-11f0-a1a0-00155dea0b44, null, ****, 102400, RemotingConnectionImpl [ID=2a80347d-81ee-11f0-a1a0-00155dea0b44, clientID=null, nodeID=290469e4-81ee-11f0-a1a0-00155dea0b44, transportConnection=InVMConnection [serverID=0, id=2a80347d-81ee-11f0-a1a0-00155dea0b44]], false, false, false, false, null, org.apache.activemq.artemis.core.protocol.core.impl.CoreSessionCallback@cc6a489, true, {}]
2025-08-25T23:30:36.389+03:30  INFO 23264 --- [WealthWise] [name=localhost)] org.apache.activemq.audit.base           : AMQ601267: User anonymous@invm:0 is creating a core session on target resource ActiveMQServerImpl::name=localhost with parameters: [2a81bb22-81ee-11f0-a1a0-00155dea0b44, null, ****, 102400, RemotingConnectionImpl [ID=2a80347d-81ee-11f0-a1a0-00155dea0b44, clientID=null, nodeID=290469e4-81ee-11f0-a1a0-00155dea0b44, transportConnection=InVMConnection [serverID=0, id=2a80347d-81ee-11f0-a1a0-00155dea0b44]], false, false, false, false, null, org.apache.activemq.artemis.core.protocol.core.impl.CoreSessionCallback@63ecff9, true, {}]
2025-08-25T23:30:36.395+03:30  INFO 23264 --- [WealthWise] [           main] c.b.w.m.CapitalRaiseJmsAdapterTest       : Started CapitalRaiseJmsAdapterTest in 7.839 seconds (process running for 11.93)
2025-08-25T23:30:36.518+03:30  INFO 23264 --- [WealthWise] [name=localhost)] org.apache.activemq.audit.resource       : AMQ601065: User anonymous@invm:0 is creating a queue on target resource: ServerSessionImpl() with parameters: [QueueConfiguration [id=null, name=capital-raise, address=capital-raise, routingType=ANYCAST, filterString=null, durable=true, user=null, maxConsumers=-1, exclusive=null, groupRebalance=null, groupRebalancePauseDispatch=null, groupBuckets=null, groupFirstKey=null, lastValue=null, lastValueKey=null, nonDestructive=null, purgeOnNoConsumers=false, enabled=null, consumersBeforeDispatch=null, delayBeforeDispatch=null, consumerPriority=null, autoDelete=null, autoDeleteDelay=null, autoDeleteMessageCount=null, ringSize=null, configurationManaged=null, temporary=false, autoCreateAddress=null, internal=null, transient=null, autoCreated=true, fqqn=null]]
2025-08-25T23:30:36.518+03:30  INFO 23264 --- [WealthWise] [name=localhost)] org.apache.activemq.audit.resource       : AMQ601065: User anonymous@invm:0 is creating a queue on target resource: ServerSessionImpl() with parameters: [QueueConfiguration [id=null, name=capital.raise.announcements, address=capital.raise.announcements, routingType=ANYCAST, filterString=null, durable=true, user=null, maxConsumers=-1, exclusive=null, groupRebalance=null, groupRebalancePauseDispatch=null, groupBuckets=null, groupFirstKey=null, lastValue=null, lastValueKey=null, nonDestructive=null, purgeOnNoConsumers=false, enabled=null, consumersBeforeDispatch=null, delayBeforeDispatch=null, consumerPriority=null, autoDelete=null, autoDeleteDelay=null, autoDeleteMessageCount=null, ringSize=null, configurationManaged=null, temporary=false, autoCreateAddress=null, internal=null, transient=null, autoCreated=true, fqqn=null]]
2025-08-25T23:30:36.551+03:30  INFO 23264 --- [WealthWise] [name=localhost)] org.apache.activemq.audit.base           : AMQ601019: User anonymous@invm:0 is getting mbean info on target resource: org.apache.activemq.artemis.core.management.impl.AddressControlImpl@54eef745
2025-08-25T23:30:36.554+03:30  INFO 23264 --- [WealthWise] [name=localhost)] org.apache.activemq.audit.base           : AMQ601019: User anonymous@invm:0 is getting mbean info on target resource: org.apache.activemq.artemis.core.management.impl.QueueControlImpl@109ef4c5
2025-08-25T23:30:36.555+03:30  INFO 23264 --- [WealthWise] [name=localhost)] org.apache.activemq.audit.base           : AMQ601019: User anonymous@invm:0 is getting mbean info on target resource: org.apache.activemq.artemis.core.management.impl.AddressControlImpl@29003ac9
2025-08-25T23:30:36.556+03:30  INFO 23264 --- [WealthWise] [name=localhost)] org.apache.activemq.audit.base           : AMQ601019: User anonymous@invm:0 is getting mbean info on target resource: org.apache.activemq.artemis.core.management.impl.QueueControlImpl@576a5ed6
2025-08-25T23:30:36.562+03:30  INFO 23264 --- [WealthWise] [name=localhost)] org.apache.activemq.audit.base           : AMQ601265: User anonymous@invm:0 is creating a core consumer on target resource ServerSessionImpl() with parameters: [0, capital.raise.announcements, null, 0, false, true, null]
2025-08-25T23:30:36.562+03:30  INFO 23264 --- [WealthWise] [name=localhost)] org.apache.activemq.audit.base           : AMQ601265: User anonymous@invm:0 is creating a core consumer on target resource ServerSessionImpl() with parameters: [0, capital-raise, null, 0, false, true, null]
2025-08-25T23:30:38.838+03:30  INFO 23264 --- [WealthWise] [           main] org.apache.activemq.audit.resource       : AMQ601767: CORE connection 2bf82e85-81ee-11f0-a1a0-00155dea0b44 for user unknown@invm:0 created
2025-08-25T23:30:38.840+03:30  INFO 23264 --- [WealthWise] [name=localhost)] org.apache.activemq.audit.base           : AMQ601267: User anonymous@invm:0 is creating a core session on target resource ActiveMQServerImpl::name=localhost with parameters: [2bf87ca8-81ee-11f0-a1a0-00155dea0b44, null, ****, 102400, RemotingConnectionImpl [ID=2bf82e85-81ee-11f0-a1a0-00155dea0b44, clientID=null, nodeID=290469e4-81ee-11f0-a1a0-00155dea0b44, transportConnection=InVMConnection [serverID=0, id=2bf82e85-81ee-11f0-a1a0-00155dea0b44]], false, false, false, false, null, org.apache.activemq.artemis.core.protocol.core.impl.CoreSessionCallback@52bcb85f, true, {}]
2025-08-25T23:30:38.852+03:30  INFO 23264 --- [WealthWise] [name=localhost)] org.apache.activemq.audit.base           : AMQ601267: User anonymous@invm:0 is creating a core session on target resource ActiveMQServerImpl::name=localhost with parameters: [2bfa7879-81ee-11f0-a1a0-00155dea0b44, null, ****, 102400, RemotingConnectionImpl [ID=2bf82e85-81ee-11f0-a1a0-00155dea0b44, clientID=null, nodeID=290469e4-81ee-11f0-a1a0-00155dea0b44, transportConnection=InVMConnection [serverID=0, id=2bf82e85-81ee-11f0-a1a0-00155dea0b44]], true, true, false, false, null, org.apache.activemq.artemis.core.protocol.core.impl.CoreSessionCallback@69ed64cc, true, {}]
2025-08-25T23:30:38.952+03:30  INFO 23264 --- [WealthWise] [name=localhost)] org.apache.activemq.audit.message        : AMQ601501: User anonymous@invm:0 is consuming a message from capital.raise.announcements: Reference[39]:RELIABLE:CoreMessage[messageID=39, durable=true, userID=2c02b5db-81ee-11f0-a1a0-00155dea0b44, priority=4, timestamp=Mon Aug 25 23:30:38 IRST 2025, expiration=0, durable=true, address=capital.raise.announcements, size=300, properties=TypedProperties[__AMQ_CID=2bf87ca7-81ee-11f0-a1a0-00155dea0b44, _AMQ_ROUTING_TYPE=1]]@33012341
2025-08-25T23:30:38.952+03:30  INFO 23264 --- [WealthWise] [name=localhost)] org.apache.activemq.audit.message        : AMQ601500: User anonymous@invm:0 sent a message CoreMessage[messageID=39, durable=true, userID=2c02b5db-81ee-11f0-a1a0-00155dea0b44, priority=4, timestamp=Mon Aug 25 23:30:38 IRST 2025, expiration=0, durable=true, address=capital.raise.announcements, size=300, properties=TypedProperties[__AMQ_CID=2bf87ca7-81ee-11f0-a1a0-00155dea0b44, _AMQ_ROUTING_TYPE=1]]@33012341, context: RoutingContextImpl(Address=capital.raise.announcements, routingType=ANYCAST, PreviousAddress=capital.raise.announcements previousRoute:ANYCAST, reusable=true, version=-2147483644)
..................................................
***** durable queues capital.raise.announcements:
- queueID=20 address:capital.raise.announcements name:capital.raise.announcements filter:null
***** non durable for capital.raise.announcements:
..................................................
, transaction: null
2025-08-25T23:30:39.058+03:30  INFO 23264 --- [WealthWise] [name=localhost)] org.apache.activemq.audit.message        : AMQ601759: User anonymous@invm:0 added acknowledgement of a message from capital.raise.announcements: CoreMessage[messageID=39, durable=true, userID=2c02b5db-81ee-11f0-a1a0-00155dea0b44, priority=4, timestamp=Mon Aug 25 23:30:38 IRST 2025, expiration=0, durable=true, address=capital.raise.announcements, size=300, properties=TypedProperties[__AMQ_CID=2bf87ca7-81ee-11f0-a1a0-00155dea0b44, _AMQ_ROUTING_TYPE=1]]@33012341 to transaction: TransactionImpl [xid=null, txID=34, xid=null, state=ACTIVE, createTime=1756152038652(Mon Aug 25 23:30:38 IRST 2025), timeoutSeconds=300, nr operations = 1]@10a99c01
2025-08-25T23:30:39.061+03:30  INFO 23264 --- [WealthWise] [name=localhost)] org.apache.activemq.audit.message        : AMQ601502: User anonymous@invm:0 acknowledged message from capital.raise.announcements: CoreMessage[messageID=39, durable=true, userID=2c02b5db-81ee-11f0-a1a0-00155dea0b44, priority=4, timestamp=Mon Aug 25 23:30:38 IRST 2025, expiration=0, durable=true, address=capital.raise.announcements, size=300, properties=TypedProperties[__AMQ_CID=2bf87ca7-81ee-11f0-a1a0-00155dea0b44, _AMQ_ROUTING_TYPE=1]]@33012341, transaction: TransactionImpl [xid=null, txID=34, xid=null, state=COMMITTED, createTime=1756152038652(Mon Aug 25 23:30:38 IRST 2025), timeoutSeconds=300, nr operations = 0]@10a99c01
]]></system-out>
    <system-err><![CDATA[Mockito is currently self-attaching to enable the inline-mock-maker. This will no longer work in future releases of the JDK. Please add Mockito as an agent to your build what is described in Mockito's documentation: https://javadoc.io/doc/org.mockito/mockito-core/latest/org/mockito/Mockito.html#0.3
WARNING: A Java agent has been loaded dynamically (/root/.m2/repository/net/bytebuddy/byte-buddy-agent/1.15.11/byte-buddy-agent-1.15.11.jar)
WARNING: If a serviceability tool is in use, please run with -XX:+EnableDynamicAgentLoading to hide this warning
WARNING: If a serviceability tool is not in use, please run with -Djdk.instrument.traceUsage for more information
WARNING: Dynamic loading of agents will be disallowed by default in a future release
]]></system-err>
  </testcase>
</testsuite>