<?xml version="1.0" encoding="UTF-8"?>
<testsuite xmlns:xsi="http://www.w3.org/2001/XMLSchema-instance" xsi:noNamespaceSchemaLocation="https://maven.apache.org/surefire/maven-surefire-plugin/xsd/surefire-test-report.xsd" version="3.0.2" name="com.bourse.wealthwise.messaging.CapitalRaiseJmsAdapterIT" time="21.693" tests="1" errors="1" skipped="0" failures="0">
  <properties>
[...]
</properties>
  <testcase name="end_to_end_over_jms" classname="com.bourse.wealthwise.messaging.CapitalRaiseJmsAdapterIT" time="3.139">
    <error message="Unresolved compilation problems: &#10;	The method price(int) is undefined for the type Security.SecurityBuilder&#10;	The method price(int) is undefined for the type Security.SecurityBuilder&#10;" type="java.lang.Error"><![CDATA[java.lang.Error: 
Unresolved compilation problems: 
	The method price(int) is undefined for the type Security.SecurityBuilder
	The method price(int) is undefined for the type Security.SecurityBuilder

	at com.bourse.wealthwise.messaging.CapitalRaiseJmsAdapterIT.setUp(CapitalRaiseJmsAdapterIT.java:53)
	at java.base/java.lang.reflect.Method.invoke(Method.java:580)
	at java.base/java.util.ArrayList.forEach(ArrayList.java:1596)
	at java.base/java.util.ArrayList.forEach(ArrayList.java:1596)
]]></error>
    <system-out><![CDATA[14:52:43.758 [main] INFO org.springframework.test.context.support.AnnotationConfigContextLoaderUtils -- Could not detect default configuration classes for test class [com.bourse.wealthwise.messaging.CapitalRaiseJmsAdapterIT]: CapitalRaiseJmsAdapterIT does not declare any static, non-private, non-final, nested classes annotated with @Configuration.
14:52:45.717 [main] INFO org.springframework.boot.test.context.SpringBootTestContextBootstrapper -- Found @SpringBootConfiguration com.bourse.wealthwise.WealthWiseApplication for test class com.bourse.wealthwise.messaging.CapitalRaiseJmsAdapterIT

  .   ____          _            __ _ _
 /\\ / ___'_ __ _ _(_)_ __  __ _ \ \ \ \
( ( )\___ | '_ | '_| | '_ \/ _` | \ \ \ \
 \\/  ___)| |_)| | | | | || (_| |  ) ) ) )
  '  |____| .__|_| |_|_| |_\__, | / / / /
 =========|_|==============|___/=/_/_/_/

 :: Spring Boot ::                (v3.4.2)

2025-08-24T14:52:49.584+03:30  INFO 27458 --- [WealthWise] [           main] c.b.w.m.CapitalRaiseJmsAdapterIT         : Starting CapitalRaiseJmsAdapterIT using Java 21.0.8 with PID 27458 (started by aidin in /mnt/c/aidin/AIDIN/peregrine/term-6/se1/cas/p4/Software-1_Course_Final_Project/WealthWise)
2025-08-24T14:52:49.587+03:30  INFO 27458 --- [WealthWise] [           main] c.b.w.m.CapitalRaiseJmsAdapterIT         : No active profile set, falling back to 1 default profile: "default"
2025-08-24T14:52:58.223+03:30  INFO 27458 --- [WealthWise] [           main] o.apache.activemq.artemis.core.server    : AMQ221000: Primary message broker is starting with configuration Broker Configuration (clustered=false,journalDirectory=/tmp/artemis-data/journal,bindingsDirectory=data/bindings,largeMessagesDirectory=data/largemessages,pagingDirectory=data/paging)
2025-08-24T14:52:58.317+03:30  INFO 27458 --- [WealthWise] [           main] o.apache.activemq.artemis.core.server    : AMQ221045: libaio is not available, switching the configuration into NIO
2025-08-24T14:52:58.434+03:30  INFO 27458 --- [WealthWise] [           main] o.apache.activemq.artemis.core.server    : AMQ221057: Global Max Size is being adjusted to 1/2 of the JVM max size (-Xmx). being defined as 1030750208
2025-08-24T14:52:58.697+03:30  INFO 27458 --- [WealthWise] [           main] o.apache.activemq.artemis.core.server    : AMQ221043: Protocol module found: [artemis-server]. Adding protocol support for: CORE
2025-08-24T14:52:58.789+03:30  INFO 27458 --- [WealthWise] [           main] org.apache.activemq.audit.base           : AMQ601138: User anonymous@unknown is getting notification info on target resource: null
2025-08-24T14:52:58.795+03:30  INFO 27458 --- [WealthWise] [           main] org.apache.activemq.audit.base           : AMQ601019: User anonymous@unknown is getting mbean info on target resource: org.apache.activemq.artemis.core.management.impl.ActiveMQServerControlImpl@3ba3d4b6
2025-08-24T14:52:58.796+03:30  INFO 27458 --- [WealthWise] [           main] org.apache.activemq.audit.base           : AMQ601138: User anonymous@unknown is getting notification info on target resource: ActiveMQServerImpl::name=localhost
2025-08-24T14:52:58.845+03:30  INFO 27458 --- [WealthWise] [           main] o.apache.activemq.artemis.core.server    : AMQ224092: Despite disabled persistence, page files will be persisted.
2025-08-24T14:52:58.926+03:30  INFO 27458 --- [WealthWise] [           main] o.apache.activemq.artemis.core.server    : AMQ221080: Deploying address DLQ supporting [ANYCAST]
2025-08-24T14:52:58.936+03:30  INFO 27458 --- [WealthWise] [           main] org.apache.activemq.audit.base           : AMQ601019: User anonymous@unknown is getting mbean info on target resource: org.apache.activemq.artemis.core.management.impl.AddressControlImpl@2b6a0ea9
2025-08-24T14:52:58.954+03:30  INFO 27458 --- [WealthWise] [           main] o.apache.activemq.artemis.core.server    : AMQ221003: Deploying ANYCAST queue DLQ on address DLQ
2025-08-24T14:52:59.638+03:30  INFO 27458 --- [WealthWise] [           main] org.apache.activemq.audit.base           : AMQ601019: User anonymous@unknown is getting mbean info on target resource: org.apache.activemq.artemis.core.management.impl.QueueControlImpl@68ddd415
2025-08-24T14:52:59.641+03:30  INFO 27458 --- [WealthWise] [           main] o.apache.activemq.artemis.core.server    : AMQ221080: Deploying address ExpiryQueue supporting [ANYCAST]
2025-08-24T14:52:59.641+03:30  INFO 27458 --- [WealthWise] [           main] org.apache.activemq.audit.base           : AMQ601019: User anonymous@unknown is getting mbean info on target resource: org.apache.activemq.artemis.core.management.impl.AddressControlImpl@306c7bf6
2025-08-24T14:52:59.642+03:30  INFO 27458 --- [WealthWise] [           main] o.apache.activemq.artemis.core.server    : AMQ221003: Deploying ANYCAST queue ExpiryQueue on address ExpiryQueue
2025-08-24T14:52:59.643+03:30  INFO 27458 --- [WealthWise] [           main] org.apache.activemq.audit.base           : AMQ601019: User anonymous@unknown is getting mbean info on target resource: org.apache.activemq.artemis.core.management.impl.QueueControlImpl@664632e9
2025-08-24T14:52:59.646+03:30  INFO 27458 --- [WealthWise] [           main] org.apache.activemq.audit.base           : AMQ601019: User anonymous@unknown is getting mbean info on target resource: org.apache.activemq.artemis.core.management.impl.AddressControlImpl@5cd96b41
2025-08-24T14:52:59.880+03:30  INFO 27458 --- [WealthWise] [           main] org.apache.activemq.audit.base           : AMQ601019: User anonymous@unknown is getting mbean info on target resource: org.apache.activemq.artemis.core.management.impl.AcceptorControlImpl@17207f5b
2025-08-24T14:52:59.903+03:30  INFO 27458 --- [WealthWise] [           main] o.apache.activemq.artemis.core.server    : AMQ221007: Server is now active
2025-08-24T14:52:59.904+03:30  INFO 27458 --- [WealthWise] [           main] o.apache.activemq.artemis.core.server    : AMQ221001: Apache ActiveMQ Artemis Message Broker version 2.37.0 [localhost, nodeID=aff90b7d-80dc-11f0-a09d-220af54b996e] 
2025-08-24T14:53:00.986+03:30  INFO 27458 --- [WealthWise] [           main] org.apache.activemq.audit.resource       : AMQ601767: CORE connection b193a8b2-80dc-11f0-a09d-220af54b996e for user unknown@invm:0 created
2025-08-24T14:53:01.267+03:30  INFO 27458 --- [WealthWise] [name=localhost)] org.apache.activemq.audit.base           : AMQ601267: User anonymous@invm:0 is creating a core session on target resource ActiveMQServerImpl::name=localhost with parameters: [b1cba8a5-80dc-11f0-a09d-220af54b996e, null, ****, 102400, RemotingConnectionImpl [ID=b193a8b2-80dc-11f0-a09d-220af54b996e, clientID=null, nodeID=aff90b7d-80dc-11f0-a09d-220af54b996e, transportConnection=InVMConnection [serverID=0, id=b193a8b2-80dc-11f0-a09d-220af54b996e]], false, false, false, false, null, org.apache.activemq.artemis.core.protocol.core.impl.CoreSessionCallback@28bfa884, true, {}]
2025-08-24T14:53:01.423+03:30  INFO 27458 --- [WealthWise] [           main] org.apache.activemq.audit.resource       : AMQ601767: CORE connection b1e52417-80dc-11f0-a09d-220af54b996e for user unknown@invm:0 created
2025-08-24T14:53:01.424+03:30  INFO 27458 --- [WealthWise] [name=localhost)] org.apache.activemq.audit.base           : AMQ601267: User anonymous@invm:0 is creating a core session on target resource ActiveMQServerImpl::name=localhost with parameters: [b1e52416-80dc-11f0-a09d-220af54b996e, null, ****, 102400, RemotingConnectionImpl [ID=b193a8b2-80dc-11f0-a09d-220af54b996e, clientID=null, nodeID=aff90b7d-80dc-11f0-a09d-220af54b996e, transportConnection=InVMConnection [serverID=0, id=b193a8b2-80dc-11f0-a09d-220af54b996e]], false, false, false, false, null, org.apache.activemq.artemis.core.protocol.core.impl.CoreSessionCallback@5c284aae, true, {}]
2025-08-24T14:53:01.425+03:30  INFO 27458 --- [WealthWise] [name=localhost)] org.apache.activemq.audit.base           : AMQ601267: User anonymous@invm:0 is creating a core session on target resource ActiveMQServerImpl::name=localhost with parameters: [b1e54b2a-80dc-11f0-a09d-220af54b996e, null, ****, 102400, RemotingConnectionImpl [ID=b1e52417-80dc-11f0-a09d-220af54b996e, clientID=null, nodeID=aff90b7d-80dc-11f0-a09d-220af54b996e, transportConnection=InVMConnection [serverID=0, id=b1e52417-80dc-11f0-a09d-220af54b996e]], false, false, false, false, null, org.apache.activemq.artemis.core.protocol.core.impl.CoreSessionCallback@6daddfb4, true, {}]
2025-08-24T14:53:01.433+03:30  INFO 27458 --- [WealthWise] [name=localhost)] org.apache.activemq.audit.base           : AMQ601267: User anonymous@invm:0 is creating a core session on target resource ActiveMQServerImpl::name=localhost with parameters: [b1e60e7b-80dc-11f0-a09d-220af54b996e, null, ****, 102400, RemotingConnectionImpl [ID=b1e52417-80dc-11f0-a09d-220af54b996e, clientID=null, nodeID=aff90b7d-80dc-11f0-a09d-220af54b996e, transportConnection=InVMConnection [serverID=0, id=b1e52417-80dc-11f0-a09d-220af54b996e]], false, false, false, false, null, org.apache.activemq.artemis.core.protocol.core.impl.CoreSessionCallback@6755b4c4, true, {}]
2025-08-24T14:53:01.436+03:30  INFO 27458 --- [WealthWise] [           main] c.b.w.m.CapitalRaiseJmsAdapterIT         : Started CapitalRaiseJmsAdapterIT in 13.934 seconds (process running for 21.078)
2025-08-24T14:53:01.556+03:30  INFO 27458 --- [WealthWise] [name=localhost)] org.apache.activemq.audit.resource       : AMQ601065: User anonymous@invm:0 is creating a queue on target resource: ServerSessionImpl() with parameters: [QueueConfiguration [id=null, name=capital.raise.announcements, address=capital.raise.announcements, routingType=ANYCAST, filterString=null, durable=true, user=null, maxConsumers=-1, exclusive=null, groupRebalance=null, groupRebalancePauseDispatch=null, groupBuckets=null, groupFirstKey=null, lastValue=null, lastValueKey=null, nonDestructive=null, purgeOnNoConsumers=false, enabled=null, consumersBeforeDispatch=null, delayBeforeDispatch=null, consumerPriority=null, autoDelete=null, autoDeleteDelay=null, autoDeleteMessageCount=null, ringSize=null, configurationManaged=null, temporary=false, autoCreateAddress=null, internal=null, transient=null, autoCreated=true, fqqn=null]]
2025-08-24T14:53:01.556+03:30  INFO 27458 --- [WealthWise] [name=localhost)] org.apache.activemq.audit.resource       : AMQ601065: User anonymous@invm:0 is creating a queue on target resource: ServerSessionImpl() with parameters: [QueueConfiguration [id=null, name=capital-raise, address=capital-raise, routingType=ANYCAST, filterString=null, durable=true, user=null, maxConsumers=-1, exclusive=null, groupRebalance=null, groupRebalancePauseDispatch=null, groupBuckets=null, groupFirstKey=null, lastValue=null, lastValueKey=null, nonDestructive=null, purgeOnNoConsumers=false, enabled=null, consumersBeforeDispatch=null, delayBeforeDispatch=null, consumerPriority=null, autoDelete=null, autoDeleteDelay=null, autoDeleteMessageCount=null, ringSize=null, configurationManaged=null, temporary=false, autoCreateAddress=null, internal=null, transient=null, autoCreated=true, fqqn=null]]
2025-08-24T14:53:01.606+03:30  INFO 27458 --- [WealthWise] [name=localhost)] org.apache.activemq.audit.base           : AMQ601019: User anonymous@invm:0 is getting mbean info on target resource: org.apache.activemq.artemis.core.management.impl.AddressControlImpl@49208a0f
2025-08-24T14:53:01.608+03:30  INFO 27458 --- [WealthWise] [name=localhost)] org.apache.activemq.audit.base           : AMQ601019: User anonymous@invm:0 is getting mbean info on target resource: org.apache.activemq.artemis.core.management.impl.QueueControlImpl@a841fe1
2025-08-24T14:53:01.610+03:30  INFO 27458 --- [WealthWise] [name=localhost)] org.apache.activemq.audit.base           : AMQ601019: User anonymous@invm:0 is getting mbean info on target resource: org.apache.activemq.artemis.core.management.impl.AddressControlImpl@36de9aff
2025-08-24T14:53:01.612+03:30  INFO 27458 --- [WealthWise] [name=localhost)] org.apache.activemq.audit.base           : AMQ601019: User anonymous@invm:0 is getting mbean info on target resource: org.apache.activemq.artemis.core.management.impl.QueueControlImpl@67959a27
2025-08-24T14:53:01.618+03:30  INFO 27458 --- [WealthWise] [name=localhost)] org.apache.activemq.audit.base           : AMQ601265: User anonymous@invm:0 is creating a core consumer on target resource ServerSessionImpl() with parameters: [0, capital.raise.announcements, null, 0, false, true, null]
2025-08-24T14:53:01.618+03:30  INFO 27458 --- [WealthWise] [name=localhost)] org.apache.activemq.audit.base           : AMQ601265: User anonymous@invm:0 is creating a core consumer on target resource ServerSessionImpl() with parameters: [0, capital-raise, null, 0, false, true, null]
]]></system-out>
    <system-err><![CDATA[Mockito is currently self-attaching to enable the inline-mock-maker. This will no longer work in future releases of the JDK. Please add Mockito as an agent to your build what is described in Mockito's documentation: https://javadoc.io/doc/org.mockito/mockito-core/latest/org/mockito/Mockito.html#0.3
WARNING: A Java agent has been loaded dynamically (/home/aidin/.m2/repository/net/bytebuddy/byte-buddy-agent/1.15.11/byte-buddy-agent-1.15.11.jar)
WARNING: If a serviceability tool is in use, please run with -XX:+EnableDynamicAgentLoading to hide this warning
WARNING: If a serviceability tool is not in use, please run with -Djdk.instrument.traceUsage for more information
WARNING: Dynamic loading of agents will be disallowed by default in a future release
]]></system-err>
  </testcase>
</testsuite>